<?xml version="1.0" encoding="UTF-8"?>
<!-- Generated by org.testng.reporters.JUnitXMLReporter -->
<testsuite ignored="0" hostname="apples-MacBook-Pro.local" failures="2" tests="2" name="Test" time="0.454" errors="0" timestamp="2023-09-01T17:20:41 IST">
  <testcase classname="FrameworkDemo.AboutAutomateTest" name="failAboutAutomateExist" time="0.011">
    <failure type="java.lang.RuntimeException" message="Unbale to click on Accept">
      <![CDATA[java.lang.RuntimeException: Unbale to click on Accept
at pageObjects.FlowPage.accept(FlowPage.java:22)
at FrameworkDemo.AboutAutomateTest.failAboutAutomateExist(AboutAutomateTest.java:50)
at java.base/java.util.ArrayList.forEach(ArrayList.java:1511)
... Removed 25 stack frames]]>
    </failure>
  </testcase> <!-- failAboutAutomateExist -->
  <testcase classname="FrameworkDemo.AboutAutomateTest" name="failAboutAutomateExist" time="0.425">
    <failure type="java.lang.NullPointerException" message="Cannot invoke &amp;quot;org.openqa.selenium.TakesScreenshot.getScreenshotAs(org.openqa.selenium.OutputType)&amp;quot; because &amp;quot;ts&amp;quot; is null">
      <![CDATA[java.lang.NullPointerException: Cannot invoke "org.openqa.selenium.TakesScreenshot.getScreenshotAs(org.openqa.selenium.OutputType)" because "ts" is null
at Frameworkbase.BaseClass.getScreenShotPath(BaseClass.java:51)
at FrameworkDemo.Listener.onTestFailure(Listener.java:42)
at java.base/java.util.ArrayList.forEach(ArrayList.java:1511)
... Removed 24 stack frames]]>
    </failure>
  </testcase> <!-- failAboutAutomateExist -->
</testsuite> <!-- Test -->
